<?xml version="1.0" encoding="UTF-8" ?>
<testsuite tests="1" failures="0" name="com.esms.dao.EmployeeTest" time="0.036" errors="1" skipped="0">
  <properties>
[...]
</properties>
  <testcase classname="com.esms.dao.EmployeeTest" name="testselectByPrimaryKey" time="0.036">
    <error type="java.lang.NullPointerException">java.lang.NullPointerException
	at com.esms.dao.EmployeeTest.testselectByPrimaryKey(EmployeeTest.java:19)
	at sun.reflect.NativeMethodAccessorImpl.invoke0(Native Method)
	at sun.reflect.NativeMethodAccessorImpl.invoke(NativeMethodAccessorImpl.java:62)
	at sun.reflect.DelegatingMethodAccessorImpl.invoke(DelegatingMethodAccessorImpl.java:43)
	at java.lang.reflect.Method.invoke(Method.java:498)
	at org.junit.runners.model.FrameworkMethod$1.runReflectiveCall(FrameworkMethod.java:50)
	at org.junit.internal.runners.model.ReflectiveCallable.run(ReflectiveCallable.java:12)
	at org.junit.runners.model.FrameworkMethod.invokeExplosively(FrameworkMethod.java:47)
	at org.junit.internal.runners.statements.InvokeMethod.evaluate(InvokeMethod.java:17)
	at org.springframework.test.context.junit4.statements.RunBeforeTestMethodCallbacks.evaluate(RunBeforeTestMethodCallbacks.java:75)
	at org.springframework.test.context.junit4.statements.RunAfterTestMethodCallbacks.evaluate(RunAfterTestMethodCallbacks.java:86)
	at org.springframework.test.context.junit4.statements.SpringRepeat.evaluate(SpringRepeat.java:84)
	at org.junit.runners.ParentRunner.runLeaf(ParentRunner.java:325)
	at org.springframework.test.context.junit4.SpringJUnit4ClassRunner.runChild(SpringJUnit4ClassRunner.java:252)
	at org.springframework.test.context.junit4.SpringJUnit4ClassRunner.runChild(SpringJUnit4ClassRunner.java:94)
	at org.junit.runners.ParentRunner$3.run(ParentRunner.java:290)
	at org.junit.runners.ParentRunner$1.schedule(ParentRunner.java:71)
	at org.junit.runners.ParentRunner.runChildren(ParentRunner.java:288)
	at org.junit.runners.ParentRunner.access$000(ParentRunner.java:58)
	at org.junit.runners.ParentRunner$2.evaluate(ParentRunner.java:268)
	at org.springframework.test.context.junit4.statements.RunBeforeTestClassCallbacks.evaluate(RunBeforeTestClassCallbacks.java:61)
	at org.springframework.test.context.junit4.statements.RunAfterTestClassCallbacks.evaluate(RunAfterTestClassCallbacks.java:70)
	at org.junit.runners.ParentRunner.run(ParentRunner.java:363)
	at org.springframework.test.context.junit4.SpringJUnit4ClassRunner.run(SpringJUnit4ClassRunner.java:191)
	at org.apache.maven.surefire.junit4.JUnit4Provider.execute(JUnit4Provider.java:252)
	at org.apache.maven.surefire.junit4.JUnit4Provider.executeTestSet(JUnit4Provider.java:141)
	at org.apache.maven.surefire.junit4.JUnit4Provider.invoke(JUnit4Provider.java:112)
	at sun.reflect.NativeMethodAccessorImpl.invoke0(Native Method)
	at sun.reflect.NativeMethodAccessorImpl.invoke(NativeMethodAccessorImpl.java:62)
	at sun.reflect.DelegatingMethodAccessorImpl.invoke(DelegatingMethodAccessorImpl.java:43)
	at java.lang.reflect.Method.invoke(Method.java:498)
	at org.apache.maven.surefire.util.ReflectionUtils.invokeMethodWithArray(ReflectionUtils.java:189)
	at org.apache.maven.surefire.booter.ProviderFactory$ProviderProxy.invoke(ProviderFactory.java:165)
	at org.apache.maven.surefire.booter.ProviderFactory.invokeProvider(ProviderFactory.java:85)
	at org.apache.maven.surefire.booter.ForkedBooter.runSuitesInProcess(ForkedBooter.java:115)
	at org.apache.maven.surefire.booter.ForkedBooter.main(ForkedBooter.java:75)
</error>
    <system-out>DEBUG [main] - After test class: context [DefaultTestContext@5ff2e84b testClass = MothlyAttendanceTest, testInstance = [null], testMethod = [null], testException = [null], mergedContextConfiguration = [MergedContextConfiguration@74abbb testClass = MothlyAttendanceTest, locations = &apos;{classpath:applicationContext.xml}&apos;, classes = &apos;{}&apos;, contextInitializerClasses = &apos;[]&apos;, activeProfiles = &apos;{}&apos;, propertySourceLocations = &apos;{}&apos;, propertySourceProperties = &apos;{}&apos;, contextCustomizers = set[[empty]], contextLoader = &apos;org.springframework.test.context.support.DelegatingSmartContextLoader&apos;, parent = [null]]], class annotated with @DirtiesContext [false] with mode [null].
DEBUG [main] - SpringJUnit4ClassRunner constructor called with [class com.esms.dao.EmployeeTest]
DEBUG [main] - Instantiating CacheAwareContextLoaderDelegate from class [org.springframework.test.context.cache.DefaultCacheAwareContextLoaderDelegate]
DEBUG [main] - Instantiating BootstrapContext using constructor [public org.springframework.test.context.support.DefaultBootstrapContext(java.lang.Class,org.springframework.test.context.CacheAwareContextLoaderDelegate)]
DEBUG [main] - Instantiating TestContextBootstrapper for test class [com.esms.dao.EmployeeTest] from class [org.springframework.test.context.support.DefaultTestContextBootstrapper]
DEBUG [main] - Delegating to GenericXmlContextLoader to process context configuration [ContextConfigurationAttributes@f446158 declaringClass = &apos;com.esms.dao.EmployeeTest&apos;, classes = &apos;{}&apos;, locations = &apos;{classpath:applicationContext.xml}&apos;, inheritLocations = true, initializers = &apos;{}&apos;, inheritInitializers = true, name = [null], contextLoaderClass = &apos;org.springframework.test.context.ContextLoader&apos;].
DEBUG [main] - Could not find an &apos;annotation declaring class&apos; for annotation type [org.springframework.test.context.ActiveProfiles] and class [com.esms.dao.EmployeeTest]
DEBUG [main] - @TestExecutionListeners is not present for class [com.esms.dao.EmployeeTest]: using defaults.
 INFO [main] - Loaded default TestExecutionListener class names from location [META-INF/spring.factories]: [org.springframework.test.context.web.ServletTestExecutionListener, org.springframework.test.context.support.DirtiesContextBeforeModesTestExecutionListener, org.springframework.test.context.support.DependencyInjectionTestExecutionListener, org.springframework.test.context.support.DirtiesContextTestExecutionListener, org.springframework.test.context.transaction.TransactionalTestExecutionListener, org.springframework.test.context.jdbc.SqlScriptsTestExecutionListener]
 INFO [main] - Using TestExecutionListeners: [org.springframework.test.context.web.ServletTestExecutionListener@2babf189, org.springframework.test.context.support.DirtiesContextBeforeModesTestExecutionListener@479f2dc2, org.springframework.test.context.support.DependencyInjectionTestExecutionListener@dab48d3, org.springframework.test.context.support.DirtiesContextTestExecutionListener@58a2b4c, org.springframework.test.context.transaction.TransactionalTestExecutionListener@7159a5cd, org.springframework.test.context.jdbc.SqlScriptsTestExecutionListener@4f966719]
DEBUG [main] - Retrieved @ProfileValueSourceConfiguration [null] for test class [com.esms.dao.EmployeeTest]
DEBUG [main] - Retrieved ProfileValueSource type [class org.springframework.test.annotation.SystemProfileValueSource] for class [com.esms.dao.EmployeeTest]
DEBUG [main] - Retrieved @ProfileValueSourceConfiguration [null] for test class [com.esms.dao.EmployeeTest]
DEBUG [main] - Retrieved ProfileValueSource type [class org.springframework.test.annotation.SystemProfileValueSource] for class [com.esms.dao.EmployeeTest]
DEBUG [main] - Before test class: context [DefaultTestContext@18ac53e8 testClass = EmployeeTest, testInstance = [null], testMethod = [null], testException = [null], mergedContextConfiguration = [MergedContextConfiguration@4ca8dbfa testClass = EmployeeTest, locations = &apos;{classpath:applicationContext.xml}&apos;, classes = &apos;{}&apos;, contextInitializerClasses = &apos;[]&apos;, activeProfiles = &apos;{}&apos;, propertySourceLocations = &apos;{}&apos;, propertySourceProperties = &apos;{}&apos;, contextCustomizers = set[[empty]], contextLoader = &apos;org.springframework.test.context.support.DelegatingSmartContextLoader&apos;, parent = [null]]], class annotated with @DirtiesContext [false] with mode [null].
DEBUG [main] - Retrieved @ProfileValueSourceConfiguration [null] for test class [com.esms.dao.EmployeeTest]
DEBUG [main] - Retrieved ProfileValueSource type [class org.springframework.test.annotation.SystemProfileValueSource] for class [com.esms.dao.EmployeeTest]
DEBUG [main] - Performing dependency injection for test context [[DefaultTestContext@18ac53e8 testClass = EmployeeTest, testInstance = com.esms.dao.EmployeeTest@7063686f, testMethod = [null], testException = [null], mergedContextConfiguration = [MergedContextConfiguration@4ca8dbfa testClass = EmployeeTest, locations = &apos;{classpath:applicationContext.xml}&apos;, classes = &apos;{}&apos;, contextInitializerClasses = &apos;[]&apos;, activeProfiles = &apos;{}&apos;, propertySourceLocations = &apos;{}&apos;, propertySourceProperties = &apos;{}&apos;, contextCustomizers = set[[empty]], contextLoader = &apos;org.springframework.test.context.support.DelegatingSmartContextLoader&apos;, parent = [null]]]].
DEBUG [main] - Retrieved ApplicationContext from cache with key [[MergedContextConfiguration@4ca8dbfa testClass = EmployeeTest, locations = &apos;{classpath:applicationContext.xml}&apos;, classes = &apos;{}&apos;, contextInitializerClasses = &apos;[]&apos;, activeProfiles = &apos;{}&apos;, propertySourceLocations = &apos;{}&apos;, propertySourceProperties = &apos;{}&apos;, contextCustomizers = set[[empty]], contextLoader = &apos;org.springframework.test.context.support.DelegatingSmartContextLoader&apos;, parent = [null]]]
DEBUG [main] - Spring test ApplicationContext cache statistics: [DefaultContextCache@588ffeb size = 2, maxSize = 32, parentContextCount = 0, hitCount = 10, missCount = 2]
DEBUG [main] - Processing injected element of bean &apos;com.esms.dao.EmployeeTest&apos;: AutowiredFieldElement for private com.esms.dao.EmployeeMapper com.esms.dao.EmployeeTest.employeeMapper
DEBUG [main] - Returning cached instance of singleton bean &apos;employeeMapper&apos;
DEBUG [main] - Autowiring by type from bean name &apos;com.esms.dao.EmployeeTest&apos; to bean named &apos;employeeMapper&apos;
DEBUG [main] - Returning cached instance of singleton bean &apos;org.springframework.aop.support.DefaultBeanFactoryPointcutAdvisor#0&apos;
DEBUG [main] - Returning cached instance of singleton bean &apos;org.springframework.aop.support.DefaultBeanFactoryPointcutAdvisor#0&apos;
DEBUG [main] - Before test method: context [DefaultTestContext@18ac53e8 testClass = EmployeeTest, testInstance = com.esms.dao.EmployeeTest@7063686f, testMethod = testselectByPrimaryKey@EmployeeTest, testException = [null], mergedContextConfiguration = [MergedContextConfiguration@4ca8dbfa testClass = EmployeeTest, locations = &apos;{classpath:applicationContext.xml}&apos;, classes = &apos;{}&apos;, contextInitializerClasses = &apos;[]&apos;, activeProfiles = &apos;{}&apos;, propertySourceLocations = &apos;{}&apos;, propertySourceProperties = &apos;{}&apos;, contextCustomizers = set[[empty]], contextLoader = &apos;org.springframework.test.context.support.DelegatingSmartContextLoader&apos;, parent = [null]]], class annotated with @DirtiesContext [false] with mode [null], method annotated with @DirtiesContext [false] with mode [null].
DEBUG [main] - Creating a new SqlSession
DEBUG [main] - SqlSession [org.apache.ibatis.session.defaults.DefaultSqlSession@76f856a8] was not registered for synchronization because synchronization is not active
DEBUG [main] - Fetching JDBC Connection from DataSource
DEBUG [main] - trace com.mchange.v2.resourcepool.BasicResourcePool@3d36dff4 [managed: 3, unused: 2, excluded: 0] (e.g. com.mchange.v2.c3p0.impl.NewPooledConnection@5a6ec285)
DEBUG [main] - JDBC Connection [com.mchange.v2.c3p0.impl.NewProxyConnection@174e1b69] will not be managed by Spring
DEBUG [main] - ==&gt;  Preparing: select e_id, e_account, e_password, e_name, e_idcard, e_sex, e_dagree, e_birthday, e_email, e_phone, e_hometown, e_rank, e_head_path, e_urgent_person, e_urgent_phone, p_id, d_id, e_base_pay, e_isdel, e_entry_time, e_leave_time from employee where e_id = ? 
DEBUG [main] - ==&gt; Parameters: 1(Integer)
DEBUG [main] - &lt;==      Total: 0
DEBUG [main] - Closing non transactional SqlSession [org.apache.ibatis.session.defaults.DefaultSqlSession@76f856a8]
DEBUG [main] - Returning JDBC Connection to DataSource
DEBUG [main] - trace com.mchange.v2.resourcepool.BasicResourcePool@3d36dff4 [managed: 3, unused: 2, excluded: 0] (e.g. com.mchange.v2.c3p0.impl.NewPooledConnection@5a6ec285)
DEBUG [main] - After test method: context [DefaultTestContext@18ac53e8 testClass = EmployeeTest, testInstance = com.esms.dao.EmployeeTest@7063686f, testMethod = testselectByPrimaryKey@EmployeeTest, testException = java.lang.NullPointerException, mergedContextConfiguration = [MergedContextConfiguration@4ca8dbfa testClass = EmployeeTest, locations = &apos;{classpath:applicationContext.xml}&apos;, classes = &apos;{}&apos;, contextInitializerClasses = &apos;[]&apos;, activeProfiles = &apos;{}&apos;, propertySourceLocations = &apos;{}&apos;, propertySourceProperties = &apos;{}&apos;, contextCustomizers = set[[empty]], contextLoader = &apos;org.springframework.test.context.support.DelegatingSmartContextLoader&apos;, parent = [null]]], class annotated with @DirtiesContext [false] with mode [null], method annotated with @DirtiesContext [false] with mode [null].
</system-out>
  </testcase>
</testsuite>